<?xml version="1.0" encoding="UTF-8"?>
<!-- Generated by org.testng.reporters.JUnitXMLReporter -->
<testsuite ignored="0" hostname="DECOMM-PC" failures="0" tests="1" name="Test1" time="2.575" errors="0" timestamp="2022-09-08T12:16:06 PDT">
  <testcase classname="ParallelDemo.Demo1" name="@BeforeTest setUp" time="2.472">
    <failure type="org.openqa.selenium.SessionNotCreatedException" message="session not created: This version of ChromeDriver only supports Chrome version 99
Current browser version is 104.0.5112.102 with binary path C:\Program Files\Google\Chrome\Application\chrome.exe
Build info: version: &amp;apos;3.141.59&amp;apos;, revision: &amp;apos;e82be7d358&amp;apos;, time: &amp;apos;2018-11-14T08:25:48&amp;apos;
System info: host: &amp;apos;DECOMM-PC&amp;apos;, ip: &amp;apos;192.168.1.11&amp;apos;, os.name: &amp;apos;Windows 10&amp;apos;, os.arch: &amp;apos;amd64&amp;apos;, os.version: &amp;apos;10.0&amp;apos;, java.version: &amp;apos;17.0.2&amp;apos;
Driver info: driver.version: ChromeDriver
remote stacktrace: Backtrace:
	Ordinal0 [0x00CE9943+2595139]
	Ordinal0 [0x00C7C9F1+2148849]
	Ordinal0 [0x00B74528+1066280]
	Ordinal0 [0x00B942C3+1196739]
	Ordinal0 [0x00B8FE37+1179191]
	Ordinal0 [0x00B8D6F1+1169137]
	Ordinal0 [0x00BC0530+1377584]
	Ordinal0 [0x00BC018A+1376650]
	Ordinal0 [0x00BBB806+1357830]
	Ordinal0 [0x00B96086+1204358]
	Ordinal0 [0x00B96F96+1208214]
	GetHandleVerifier [0x00E8B232+1658114]
	GetHandleVerifier [0x00F4312C+2411516]
	GetHandleVerifier [0x00D7F261+560433]
	GetHandleVerifier [0x00D7E366+556598]
	Ordinal0 [0x00C8286B+2173035]
	Ordinal0 [0x00C875F8+2192888]
	Ordinal0 [0x00C876E5+2193125]
	Ordinal0 [0x00C911FC+2232828]
	BaseThreadInitThunk [0x770EFA29+25]
	RtlGetAppContainerNamedObjectPath [0x77847A9E+286]
	RtlGetAppContainerNamedObjectPath [0x77847A6E+238]
">
      <![CDATA[org.openqa.selenium.SessionNotCreatedException: session not created: This version of ChromeDriver only supports Chrome version 99
Current browser version is 104.0.5112.102 with binary path C:\Program Files\Google\Chrome\Application\chrome.exe
Build info: version: '3.141.59', revision: 'e82be7d358', time: '2018-11-14T08:25:48'
System info: host: 'DECOMM-PC', ip: '192.168.1.11', os.name: 'Windows 10', os.arch: 'amd64', os.version: '10.0', java.version: '17.0.2'
Driver info: driver.version: ChromeDriver
remote stacktrace: Backtrace:
Ordinal0 [0x00CE9943+2595139]
Ordinal0 [0x00C7C9F1+2148849]
Ordinal0 [0x00B74528+1066280]
Ordinal0 [0x00B942C3+1196739]
Ordinal0 [0x00B8FE37+1179191]
Ordinal0 [0x00B8D6F1+1169137]
Ordinal0 [0x00BC0530+1377584]
Ordinal0 [0x00BC018A+1376650]
Ordinal0 [0x00BBB806+1357830]
Ordinal0 [0x00B96086+1204358]
Ordinal0 [0x00B96F96+1208214]
GetHandleVerifier [0x00E8B232+1658114]
GetHandleVerifier [0x00F4312C+2411516]
GetHandleVerifier [0x00D7F261+560433]
GetHandleVerifier [0x00D7E366+556598]
Ordinal0 [0x00C8286B+2173035]
Ordinal0 [0x00C875F8+2192888]
Ordinal0 [0x00C876E5+2193125]
Ordinal0 [0x00C911FC+2232828]
BaseThreadInitThunk [0x770EFA29+25]
RtlGetAppContainerNamedObjectPath [0x77847A9E+286]
RtlGetAppContainerNamedObjectPath [0x77847A6E+238]

at org.openqa.selenium.remote.W3CHandshakeResponse.lambda$errorHandler$0(W3CHandshakeResponse.java:62)
at org.openqa.selenium.remote.HandshakeResponse.lambda$getResponseFunction$0(HandshakeResponse.java:30)
at org.openqa.selenium.remote.ProtocolHandshake.lambda$createSession$0(ProtocolHandshake.java:126)
at java.base/java.util.stream.ReferencePipeline$3$1.accept(ReferencePipeline.java:197)
at java.base/java.util.Spliterators$ArraySpliterator.tryAdvance(Spliterators.java:1002)
at java.base/java.util.stream.ReferencePipeline.forEachWithCancel(ReferencePipeline.java:129)
at java.base/java.util.stream.AbstractPipeline.copyIntoWithCancel(AbstractPipeline.java:527)
at java.base/java.util.stream.AbstractPipeline.copyInto(AbstractPipeline.java:513)
at java.base/java.util.stream.AbstractPipeline.wrapAndCopyInto(AbstractPipeline.java:499)
at java.base/java.util.stream.FindOps$FindOp.evaluateSequential(FindOps.java:150)
at java.base/java.util.stream.AbstractPipeline.evaluate(AbstractPipeline.java:234)
at java.base/java.util.stream.ReferencePipeline.findFirst(ReferencePipeline.java:647)
at org.openqa.selenium.remote.ProtocolHandshake.createSession(ProtocolHandshake.java:128)
at org.openqa.selenium.remote.ProtocolHandshake.createSession(ProtocolHandshake.java:74)
at org.openqa.selenium.remote.HttpCommandExecutor.execute(HttpCommandExecutor.java:136)
at org.openqa.selenium.remote.service.DriverCommandExecutor.execute(DriverCommandExecutor.java:83)
at org.openqa.selenium.remote.RemoteWebDriver.execute(RemoteWebDriver.java:552)
at org.openqa.selenium.remote.RemoteWebDriver.startSession(RemoteWebDriver.java:213)
at org.openqa.selenium.remote.RemoteWebDriver.<init>(RemoteWebDriver.java:131)
at org.openqa.selenium.chrome.ChromeDriver.<init>(ChromeDriver.java:181)
at org.openqa.selenium.chrome.ChromeDriver.<init>(ChromeDriver.java:168)
at org.openqa.selenium.chrome.ChromeDriver.<init>(ChromeDriver.java:123)
at ParallelDemo.Demo1.setUp(Demo1.java:32)
... Removed 29 stack frames]]>
    </failure>
  </testcase> <!-- @BeforeTest setUp -->
  <testcase classname="ParallelDemo.Demo1" name="@AfterTest teardown" time="-1.662664566009E9">
    <skipped/>
  </testcase> <!-- @AfterTest teardown -->
  <testcase classname="ParallelDemo.Demo1" name="test1" time="0.0">
    <skipped/>
  </testcase> <!-- test1 -->
</testsuite> <!-- Test1 -->
