<?xml version="1.0" encoding="UTF-8"?>
<!-- Generated by org.testng.reporters.JUnitXMLReporter -->
<testsuite ignored="0" hostname="DECOMM-PC" failures="0" tests="1" name="TestOnChrome" time="2.952" errors="0" timestamp="2022-09-09T11:12:52 PDT">
  <testcase classname="ParallelDemo.Demo1" name="@BeforeTest setUp" time="2.803">
    <failure type="org.openqa.selenium.SessionNotCreatedException" message="session not created: This version of ChromeDriver only supports Chrome version 100
Current browser version is 105.0.5195.102 with binary path C:\Program Files\Google\Chrome\Application\chrome.exe
Build info: version: &amp;apos;3.141.59&amp;apos;, revision: &amp;apos;e82be7d358&amp;apos;, time: &amp;apos;2018-11-14T08:25:48&amp;apos;
System info: host: &amp;apos;DECOMM-PC&amp;apos;, ip: &amp;apos;192.168.1.11&amp;apos;, os.name: &amp;apos;Windows 10&amp;apos;, os.arch: &amp;apos;amd64&amp;apos;, os.version: &amp;apos;10.0&amp;apos;, java.version: &amp;apos;17.0.2&amp;apos;
Driver info: driver.version: ChromeDriver
remote stacktrace: Backtrace:
	Ordinal0 [0x006E7413+2389011]
	Ordinal0 [0x00679F61+1941345]
	Ordinal0 [0x0056C658+837208]
	Ordinal0 [0x0058C773+968563]
	Ordinal0 [0x0058837A+951162]
	Ordinal0 [0x00585C51+941137]
	Ordinal0 [0x005B8C80+1150080]
	Ordinal0 [0x005B88DA+1149146]
	Ordinal0 [0x005B3F66+1130342]
	Ordinal0 [0x0058E546+976198]
	Ordinal0 [0x0058F456+980054]
	GetHandleVerifier [0x00899632+1727522]
	GetHandleVerifier [0x0094BA4D+2457661]
	GetHandleVerifier [0x0077EB81+569713]
	GetHandleVerifier [0x0077DD76+566118]
	Ordinal0 [0x00680B2B+1968939]
	Ordinal0 [0x00685988+1989000]
	Ordinal0 [0x00685A75+1989237]
	Ordinal0 [0x0068ECB1+2026673]
	BaseThreadInitThunk [0x770EFA29+25]
	RtlGetAppContainerNamedObjectPath [0x77847A9E+286]
	RtlGetAppContainerNamedObjectPath [0x77847A6E+238]
">
      <![CDATA[org.openqa.selenium.SessionNotCreatedException: session not created: This version of ChromeDriver only supports Chrome version 100
Current browser version is 105.0.5195.102 with binary path C:\Program Files\Google\Chrome\Application\chrome.exe
Build info: version: '3.141.59', revision: 'e82be7d358', time: '2018-11-14T08:25:48'
System info: host: 'DECOMM-PC', ip: '192.168.1.11', os.name: 'Windows 10', os.arch: 'amd64', os.version: '10.0', java.version: '17.0.2'
Driver info: driver.version: ChromeDriver
remote stacktrace: Backtrace:
Ordinal0 [0x006E7413+2389011]
Ordinal0 [0x00679F61+1941345]
Ordinal0 [0x0056C658+837208]
Ordinal0 [0x0058C773+968563]
Ordinal0 [0x0058837A+951162]
Ordinal0 [0x00585C51+941137]
Ordinal0 [0x005B8C80+1150080]
Ordinal0 [0x005B88DA+1149146]
Ordinal0 [0x005B3F66+1130342]
Ordinal0 [0x0058E546+976198]
Ordinal0 [0x0058F456+980054]
GetHandleVerifier [0x00899632+1727522]
GetHandleVerifier [0x0094BA4D+2457661]
GetHandleVerifier [0x0077EB81+569713]
GetHandleVerifier [0x0077DD76+566118]
Ordinal0 [0x00680B2B+1968939]
Ordinal0 [0x00685988+1989000]
Ordinal0 [0x00685A75+1989237]
Ordinal0 [0x0068ECB1+2026673]
BaseThreadInitThunk [0x770EFA29+25]
RtlGetAppContainerNamedObjectPath [0x77847A9E+286]
RtlGetAppContainerNamedObjectPath [0x77847A6E+238]

at org.openqa.selenium.remote.W3CHandshakeResponse.lambda$errorHandler$0(W3CHandshakeResponse.java:62)
at org.openqa.selenium.remote.HandshakeResponse.lambda$getResponseFunction$0(HandshakeResponse.java:30)
at org.openqa.selenium.remote.ProtocolHandshake.lambda$createSession$0(ProtocolHandshake.java:126)
at java.base/java.util.stream.ReferencePipeline$3$1.accept(ReferencePipeline.java:197)
at java.base/java.util.Spliterators$ArraySpliterator.tryAdvance(Spliterators.java:1002)
at java.base/java.util.stream.ReferencePipeline.forEachWithCancel(ReferencePipeline.java:129)
at java.base/java.util.stream.AbstractPipeline.copyIntoWithCancel(AbstractPipeline.java:527)
at java.base/java.util.stream.AbstractPipeline.copyInto(AbstractPipeline.java:513)
at java.base/java.util.stream.AbstractPipeline.wrapAndCopyInto(AbstractPipeline.java:499)
at java.base/java.util.stream.FindOps$FindOp.evaluateSequential(FindOps.java:150)
at java.base/java.util.stream.AbstractPipeline.evaluate(AbstractPipeline.java:234)
at java.base/java.util.stream.ReferencePipeline.findFirst(ReferencePipeline.java:647)
at org.openqa.selenium.remote.ProtocolHandshake.createSession(ProtocolHandshake.java:128)
at org.openqa.selenium.remote.ProtocolHandshake.createSession(ProtocolHandshake.java:74)
at org.openqa.selenium.remote.HttpCommandExecutor.execute(HttpCommandExecutor.java:136)
at org.openqa.selenium.remote.service.DriverCommandExecutor.execute(DriverCommandExecutor.java:83)
at org.openqa.selenium.remote.RemoteWebDriver.execute(RemoteWebDriver.java:552)
at org.openqa.selenium.remote.RemoteWebDriver.startSession(RemoteWebDriver.java:213)
at org.openqa.selenium.remote.RemoteWebDriver.<init>(RemoteWebDriver.java:131)
at org.openqa.selenium.chrome.ChromeDriver.<init>(ChromeDriver.java:181)
at org.openqa.selenium.chrome.ChromeDriver.<init>(ChromeDriver.java:168)
at org.openqa.selenium.chrome.ChromeDriver.<init>(ChromeDriver.java:123)
at ParallelDemo.Demo1.setUp(Demo1.java:29)
at java.base/java.util.concurrent.FutureTask.run(FutureTask.java:264)
at java.base/java.util.concurrent.ThreadPoolExecutor.runWorker(ThreadPoolExecutor.java:1136)
at java.base/java.util.concurrent.ThreadPoolExecutor$Worker.run(ThreadPoolExecutor.java:635)
at java.base/java.lang.Thread.run(Thread.java:833)
... Removed 20 stack frames]]>
    </failure>
  </testcase> <!-- @BeforeTest setUp -->
  <testcase classname="ParallelDemo.Demo1" name="@AfterTest teardown" time="-1.662747172095E9">
    <skipped/>
  </testcase> <!-- @AfterTest teardown -->
  <testcase classname="ParallelDemo.Demo1" name="@BeforeTest setUp" time="2.931">
    <failure type="org.openqa.selenium.SessionNotCreatedException" message="session not created: This version of ChromeDriver only supports Chrome version 100
Current browser version is 105.0.5195.102 with binary path C:\Program Files\Google\Chrome\Application\chrome.exe
Build info: version: &amp;apos;3.141.59&amp;apos;, revision: &amp;apos;e82be7d358&amp;apos;, time: &amp;apos;2018-11-14T08:25:48&amp;apos;
System info: host: &amp;apos;DECOMM-PC&amp;apos;, ip: &amp;apos;192.168.1.11&amp;apos;, os.name: &amp;apos;Windows 10&amp;apos;, os.arch: &amp;apos;amd64&amp;apos;, os.version: &amp;apos;10.0&amp;apos;, java.version: &amp;apos;17.0.2&amp;apos;
Driver info: driver.version: ChromeDriver
remote stacktrace: Backtrace:
	Ordinal0 [0x006E7413+2389011]
	Ordinal0 [0x00679F61+1941345]
	Ordinal0 [0x0056C658+837208]
	Ordinal0 [0x0058C773+968563]
	Ordinal0 [0x0058837A+951162]
	Ordinal0 [0x00585C51+941137]
	Ordinal0 [0x005B8C80+1150080]
	Ordinal0 [0x005B88DA+1149146]
	Ordinal0 [0x005B3F66+1130342]
	Ordinal0 [0x0058E546+976198]
	Ordinal0 [0x0058F456+980054]
	GetHandleVerifier [0x00899632+1727522]
	GetHandleVerifier [0x0094BA4D+2457661]
	GetHandleVerifier [0x0077EB81+569713]
	GetHandleVerifier [0x0077DD76+566118]
	Ordinal0 [0x00680B2B+1968939]
	Ordinal0 [0x00685988+1989000]
	Ordinal0 [0x00685A75+1989237]
	Ordinal0 [0x0068ECB1+2026673]
	BaseThreadInitThunk [0x770EFA29+25]
	RtlGetAppContainerNamedObjectPath [0x77847A9E+286]
	RtlGetAppContainerNamedObjectPath [0x77847A6E+238]
">
      <![CDATA[org.openqa.selenium.SessionNotCreatedException: session not created: This version of ChromeDriver only supports Chrome version 100
Current browser version is 105.0.5195.102 with binary path C:\Program Files\Google\Chrome\Application\chrome.exe
Build info: version: '3.141.59', revision: 'e82be7d358', time: '2018-11-14T08:25:48'
System info: host: 'DECOMM-PC', ip: '192.168.1.11', os.name: 'Windows 10', os.arch: 'amd64', os.version: '10.0', java.version: '17.0.2'
Driver info: driver.version: ChromeDriver
remote stacktrace: Backtrace:
Ordinal0 [0x006E7413+2389011]
Ordinal0 [0x00679F61+1941345]
Ordinal0 [0x0056C658+837208]
Ordinal0 [0x0058C773+968563]
Ordinal0 [0x0058837A+951162]
Ordinal0 [0x00585C51+941137]
Ordinal0 [0x005B8C80+1150080]
Ordinal0 [0x005B88DA+1149146]
Ordinal0 [0x005B3F66+1130342]
Ordinal0 [0x0058E546+976198]
Ordinal0 [0x0058F456+980054]
GetHandleVerifier [0x00899632+1727522]
GetHandleVerifier [0x0094BA4D+2457661]
GetHandleVerifier [0x0077EB81+569713]
GetHandleVerifier [0x0077DD76+566118]
Ordinal0 [0x00680B2B+1968939]
Ordinal0 [0x00685988+1989000]
Ordinal0 [0x00685A75+1989237]
Ordinal0 [0x0068ECB1+2026673]
BaseThreadInitThunk [0x770EFA29+25]
RtlGetAppContainerNamedObjectPath [0x77847A9E+286]
RtlGetAppContainerNamedObjectPath [0x77847A6E+238]

at org.openqa.selenium.remote.W3CHandshakeResponse.lambda$errorHandler$0(W3CHandshakeResponse.java:62)
at org.openqa.selenium.remote.HandshakeResponse.lambda$getResponseFunction$0(HandshakeResponse.java:30)
at org.openqa.selenium.remote.ProtocolHandshake.lambda$createSession$0(ProtocolHandshake.java:126)
at java.base/java.util.stream.ReferencePipeline$3$1.accept(ReferencePipeline.java:197)
at java.base/java.util.Spliterators$ArraySpliterator.tryAdvance(Spliterators.java:1002)
at java.base/java.util.stream.ReferencePipeline.forEachWithCancel(ReferencePipeline.java:129)
at java.base/java.util.stream.AbstractPipeline.copyIntoWithCancel(AbstractPipeline.java:527)
at java.base/java.util.stream.AbstractPipeline.copyInto(AbstractPipeline.java:513)
at java.base/java.util.stream.AbstractPipeline.wrapAndCopyInto(AbstractPipeline.java:499)
at java.base/java.util.stream.FindOps$FindOp.evaluateSequential(FindOps.java:150)
at java.base/java.util.stream.AbstractPipeline.evaluate(AbstractPipeline.java:234)
at java.base/java.util.stream.ReferencePipeline.findFirst(ReferencePipeline.java:647)
at org.openqa.selenium.remote.ProtocolHandshake.createSession(ProtocolHandshake.java:128)
at org.openqa.selenium.remote.ProtocolHandshake.createSession(ProtocolHandshake.java:74)
at org.openqa.selenium.remote.HttpCommandExecutor.execute(HttpCommandExecutor.java:136)
at org.openqa.selenium.remote.service.DriverCommandExecutor.execute(DriverCommandExecutor.java:83)
at org.openqa.selenium.remote.RemoteWebDriver.execute(RemoteWebDriver.java:552)
at org.openqa.selenium.remote.RemoteWebDriver.startSession(RemoteWebDriver.java:213)
at org.openqa.selenium.remote.RemoteWebDriver.<init>(RemoteWebDriver.java:131)
at org.openqa.selenium.chrome.ChromeDriver.<init>(ChromeDriver.java:181)
at org.openqa.selenium.chrome.ChromeDriver.<init>(ChromeDriver.java:168)
at org.openqa.selenium.chrome.ChromeDriver.<init>(ChromeDriver.java:123)
at ParallelDemo.Demo1.setUp(Demo1.java:29)
at java.base/java.util.concurrent.FutureTask.run(FutureTask.java:264)
at java.base/java.util.concurrent.ThreadPoolExecutor.runWorker(ThreadPoolExecutor.java:1136)
at java.base/java.util.concurrent.ThreadPoolExecutor$Worker.run(ThreadPoolExecutor.java:635)
at java.base/java.lang.Thread.run(Thread.java:833)
... Removed 20 stack frames]]>
    </failure>
  </testcase> <!-- @BeforeTest setUp -->
  <testcase classname="ParallelDemo.Demo1" name="@AfterTest teardown" time="-1.66274717214E9">
    <skipped/>
  </testcase> <!-- @AfterTest teardown -->
  <testcase classname="ParallelDemo.Demo1" name="test1" time="0.0">
    <skipped/>
  </testcase> <!-- test1 -->
</testsuite> <!-- TestOnChrome -->
